<?xml version="1.0" encoding="UTF-8"?>
<!-- Generated by org.testng.reporters.JUnitXMLReporter -->
<testsuite hostname="STXLAPTOP13" name="summarycheck" tests="1" failures="1" timestamp="20 Jun 2017 06:38:40 GMT" time="1.012" errors="0">
  <testcase name="summaryCcdVerification" time="0.003" classname="com.stabilix.hcdemo.test.NewTest">
    <failure type="java.lang.NullPointerException">
      <![CDATA[java.lang.NullPointerException
	at org.openqa.selenium.support.pagefactory.DefaultElementLocator.findElement(DefaultElementLocator.java:69)
	at org.openqa.selenium.support.pagefactory.internal.LocatingElementHandler.invoke(LocatingElementHandler.java:38)
	at com.sun.proxy.$Proxy11.isDisplayed(Unknown Source)
	at com.stabilix.hcdemo.test.NewTest.summaryCcdVerification(NewTest.java:21)
... Removed 24 stack frames]]>
    </failure>
  </testcase> <!-- summaryCcdVerification -->
</testsuite> <!-- summarycheck -->
