<?xml version="1.0" encoding="UTF-8"?>
<!-- Generated by org.testng.reporters.JUnitXMLReporter -->
<testsuite hostname="STXLAPTOP13" name="Test the login scenarios" tests="2" failures="0" timestamp="11 Mar 2017 04:59:45 GMT" time="46.261" errors="0">
  <testcase name="checkInvalidAnswerAttempt" time="10.424" classname="com.stabilix.hcdemo.test.LoginTest"/>
  <testcase name="checkValidLogin" time="18.743" classname="com.stabilix.hcdemo.test.LoginTest"/>
</testsuite> <!-- Test the login scenarios -->
