<?xml version="1.0" encoding="UTF-8"?>
<!-- Generated by org.testng.reporters.JUnitXMLReporter -->
<testsuite hostname="STXLAPTOP13" name="Test the Inavlid login scenarios" tests="2" failures="0" timestamp="11 Mar 2017 06:27:37 GMT" time="31.744" errors="0">
  <testcase name="checkInvalidAnswerAttempt" time="10.232" classname="com.stabilix.hcdemo.test.LoginTest"/>
  <testcase name="checkInvalidLogin" time="6.346" classname="com.stabilix.hcdemo.test.LoginTest"/>
</testsuite> <!-- Test the Inavlid login scenarios -->
