<?xml version="1.0" encoding="UTF-8"?>
<!-- Generated by org.testng.reporters.JUnitXMLReporter -->
<testsuite hostname="STXLAPTOP13" name="Test the forgot username and password scenarios" tests="1" failures="1" timestamp="15 Nov 2017 07:20:44 GMT" time="79.996" errors="0">
  <testcase name="@AfterMethod getResult" time="0.0" classname="com.stabilix.hcdemo.test.HcForgetUsernameTest">
    <failure type="java.lang.NullPointerException">
      <![CDATA[java.lang.NullPointerException
	at com.stabilix.hcdemo.commoncode.getResult(commoncode.java:149)
... Removed 26 stack frames]]>
    </failure>
  </testcase> <!-- @AfterMethod getResult -->
  <testcase name="forgotUsernameTest" time="19.915" classname="com.stabilix.hcdemo.test.HcForgetUsernameTest">
    <failure type="java.lang.NullPointerException">
      <![CDATA[java.lang.NullPointerException
	at com.stabilix.hcdemo.commoncode.questmailLogin(commoncode.java:109)
	at com.stabilix.hcdemo.test.HcForgetUsernameTest.forgotUsernameTest(HcForgetUsernameTest.java:42)
... Removed 24 stack frames]]>
    </failure>
  </testcase> <!-- forgotUsernameTest -->
</testsuite> <!-- Test the forgot username and password scenarios -->
