<?xml version="1.0" encoding="UTF-8"?>
<testng-results skipped="0" failed="0" total="1" passed="1">
  <reporter-output>
  </reporter-output>
  <suite name="Default suite" duration-ms="298" started-at="2017-12-08T11:40:41Z" finished-at="2017-12-08T11:40:41Z">
    <groups>
    </groups>
    <test name="Default test" duration-ms="298" started-at="2017-12-08T11:40:41Z" finished-at="2017-12-08T11:40:41Z">
      <class name="com.stabilix.hcdemo.test.NewTest">
        <test-method status="PASS" signature="f()[pri:0, instance:com.stabilix.hcdemo.test.NewTest@29774679]" name="f" duration-ms="126" started-at="2017-12-08T17:10:41Z" finished-at="2017-12-08T17:10:41Z">
          <reporter-output>
          </reporter-output>
        </test-method> <!-- f -->
      </class> <!-- com.stabilix.hcdemo.test.NewTest -->
    </test> <!-- Default test -->
  </suite> <!-- Default suite -->
</testng-results>
